<?xml version="1.0" encoding="UTF-8"?>
<testng-results ignored="0" total="5" passed="3" failed="1" skipped="1">
  <reporter-output>
  </reporter-output>
  <suite started-at="2021-06-24T01:46:54 IST" name="ChooseProductSuite" finished-at="2021-06-24T01:47:34 IST" duration-ms="39738">
    <groups>
    </groups>
    <test started-at="2021-06-24T01:46:54 IST" name="ChooseProductTest" finished-at="2021-06-24T01:47:34 IST" duration-ms="39738">
      <class name="com.testcases.LoginPageTest">
        <test-method is-config="true" signature="setup()[pri:0, instance:com.testcases.LoginPageTest@306f16f3]" started-at="2021-06-24T01:46:54 IST" name="setup" finished-at="2021-06-24T01:47:08 IST" duration-ms="14431" status="PASS">
          <reporter-output>
          </reporter-output>
        </test-method> <!-- setup -->
        <test-method signature="logintest()[pri:0, instance:com.testcases.LoginPageTest@306f16f3]" started-at="2021-06-24T01:47:08 IST" name="logintest" finished-at="2021-06-24T01:47:10 IST" duration-ms="1159" status="PASS">
          <reporter-output>
          </reporter-output>
        </test-method> <!-- logintest -->
        <test-method is-config="true" signature="close()[pri:0, instance:com.testcases.LoginPageTest@306f16f3]" started-at="2021-06-24T01:47:10 IST" name="close" finished-at="2021-06-24T01:47:11 IST" duration-ms="1123" status="PASS">
          <reporter-output>
          </reporter-output>
        </test-method> <!-- close -->
      </class> <!-- com.testcases.LoginPageTest -->
      <class name="com.testcases.HomePageTest">
        <test-method is-config="true" signature="setup()[pri:0, instance:com.testcases.HomePageTest@16a0ee18]" started-at="2021-06-24T01:47:11 IST" name="setup" finished-at="2021-06-24T01:47:16 IST" duration-ms="5517" status="PASS">
          <reporter-output>
          </reporter-output>
        </test-method> <!-- setup -->
        <test-method signature="chooseproduct()[pri:0, instance:com.testcases.HomePageTest@16a0ee18]" started-at="2021-06-24T01:47:16 IST" name="chooseproduct" finished-at="2021-06-24T01:47:16 IST" duration-ms="245" status="PASS">
          <reporter-output>
          </reporter-output>
        </test-method> <!-- chooseproduct -->
        <test-method is-config="true" signature="close()[pri:0, instance:com.testcases.HomePageTest@16a0ee18]" started-at="2021-06-24T01:47:16 IST" name="close" finished-at="2021-06-24T01:47:17 IST" duration-ms="357" status="PASS">
          <reporter-output>
          </reporter-output>
        </test-method> <!-- close -->
      </class> <!-- com.testcases.HomePageTest -->
      <class name="com.testcases.ProductTest">
        <test-method is-config="true" signature="setup()[pri:0, instance:com.testcases.ProductTest@3d6f0054]" started-at="2021-06-24T01:47:17 IST" name="setup" finished-at="2021-06-24T01:47:21 IST" duration-ms="4101" status="PASS">
          <reporter-output>
          </reporter-output>
        </test-method> <!-- setup -->
        <test-method signature="addproducttocart()[pri:0, instance:com.testcases.ProductTest@3d6f0054]" started-at="2021-06-24T01:47:21 IST" name="addproducttocart" finished-at="2021-06-24T01:47:21 IST" duration-ms="207" status="PASS">
          <reporter-output>
          </reporter-output>
        </test-method> <!-- addproducttocart -->
        <test-method is-config="true" signature="close()[pri:0, instance:com.testcases.ProductTest@3d6f0054]" started-at="2021-06-24T01:47:21 IST" name="close" finished-at="2021-06-24T01:47:21 IST" duration-ms="372" status="PASS">
          <reporter-output>
          </reporter-output>
        </test-method> <!-- close -->
        <test-method is-config="true" signature="setup()[pri:0, instance:com.testcases.ProductTest@3d6f0054]" started-at="2021-06-24T01:47:21 IST" name="setup" finished-at="2021-06-24T01:47:27 IST" duration-ms="5508" status="PASS">
          <reporter-output>
          </reporter-output>
        </test-method> <!-- setup -->
        <test-method signature="failingtest()[pri:0, instance:com.testcases.ProductTest@3d6f0054]" started-at="2021-06-24T01:47:27 IST" name="failingtest" finished-at="2021-06-24T01:47:27 IST" duration-ms="7" status="FAIL">
          <exception class="java.lang.AssertionError">
            <message>
              <![CDATA[expected [false] but found [true]]]>
            </message>
            <full-stacktrace>
              <![CDATA[java.lang.AssertionError: expected [false] but found [true]
at org.testng.Assert.fail(Assert.java:99)
at org.testng.Assert.failNotEquals(Assert.java:1037)
at org.testng.Assert.assertEqualsImpl(Assert.java:140)
at org.testng.Assert.assertEquals(Assert.java:122)
at org.testng.Assert.assertEquals(Assert.java:819)
at org.testng.Assert.assertEquals(Assert.java:829)
at com.testcases.ProductTest.failingtest(ProductTest.java:43)
at java.base/jdk.internal.reflect.NativeMethodAccessorImpl.invoke0(Native Method)
at java.base/jdk.internal.reflect.NativeMethodAccessorImpl.invoke(NativeMethodAccessorImpl.java:64)
at java.base/jdk.internal.reflect.DelegatingMethodAccessorImpl.invoke(DelegatingMethodAccessorImpl.java:43)
at java.base/java.lang.reflect.Method.invoke(Method.java:564)
at org.testng.internal.MethodInvocationHelper.invokeMethod(MethodInvocationHelper.java:133)
at org.testng.internal.TestInvoker.invokeMethod(TestInvoker.java:598)
at org.testng.internal.TestInvoker.invokeTestMethod(TestInvoker.java:173)
at org.testng.internal.MethodRunner.runInSequence(MethodRunner.java:46)
at org.testng.internal.TestInvoker$MethodInvocationAgent.invoke(TestInvoker.java:824)
at org.testng.internal.TestInvoker.invokeTestMethods(TestInvoker.java:146)
at org.testng.internal.TestMethodWorker.invokeTestMethods(TestMethodWorker.java:146)
at org.testng.internal.TestMethodWorker.run(TestMethodWorker.java:128)
at java.base/java.util.ArrayList.forEach(ArrayList.java:1511)
at org.testng.TestRunner.privateRun(TestRunner.java:794)
at org.testng.TestRunner.run(TestRunner.java:596)
at org.testng.SuiteRunner.runTest(SuiteRunner.java:377)
at org.testng.SuiteRunner.runSequentially(SuiteRunner.java:371)
at org.testng.SuiteRunner.privateRun(SuiteRunner.java:332)
at org.testng.SuiteRunner.run(SuiteRunner.java:276)
at org.testng.SuiteRunnerWorker.runSuite(SuiteRunnerWorker.java:53)
at org.testng.SuiteRunnerWorker.run(SuiteRunnerWorker.java:96)
at org.testng.TestNG.runSuitesSequentially(TestNG.java:1212)
at org.testng.TestNG.runSuitesLocally(TestNG.java:1134)
at org.testng.TestNG.runSuites(TestNG.java:1063)
at org.testng.TestNG.run(TestNG.java:1031)
at org.testng.remote.AbstractRemoteTestNG.run(AbstractRemoteTestNG.java:115)
at org.testng.remote.RemoteTestNG.initAndRun(RemoteTestNG.java:251)
at org.testng.remote.RemoteTestNG.main(RemoteTestNG.java:77)
]]>
            </full-stacktrace>
          </exception> <!-- java.lang.AssertionError -->
          <reporter-output>
          </reporter-output>
        </test-method> <!-- failingtest -->
        <test-method is-config="true" signature="close()[pri:0, instance:com.testcases.ProductTest@3d6f0054]" started-at="2021-06-24T01:47:27 IST" name="close" finished-at="2021-06-24T01:47:28 IST" duration-ms="883" status="PASS">
          <reporter-output>
          </reporter-output>
        </test-method> <!-- close -->
        <test-method is-config="true" signature="setup()[pri:0, instance:com.testcases.ProductTest@3d6f0054]" started-at="2021-06-24T01:47:28 IST" name="setup" finished-at="2021-06-24T01:47:33 IST" duration-ms="5544" status="PASS">
          <reporter-output>
          </reporter-output>
        </test-method> <!-- setup -->
        <test-method signature="skippingtest()[pri:0, instance:com.testcases.ProductTest@3d6f0054]" started-at="2021-06-24T01:47:33 IST" name="skippingtest" finished-at="2021-06-24T01:47:33 IST" duration-ms="2" status="SKIP">
          <exception class="org.testng.SkipException">
            <message>
              <![CDATA[skipping forcefully]]>
            </message>
            <full-stacktrace>
              <![CDATA[org.testng.SkipException: skipping forcefully
at com.testcases.ProductTest.skippingtest(ProductTest.java:47)
at java.base/jdk.internal.reflect.NativeMethodAccessorImpl.invoke0(Native Method)
at java.base/jdk.internal.reflect.NativeMethodAccessorImpl.invoke(NativeMethodAccessorImpl.java:64)
at java.base/jdk.internal.reflect.DelegatingMethodAccessorImpl.invoke(DelegatingMethodAccessorImpl.java:43)
at java.base/java.lang.reflect.Method.invoke(Method.java:564)
at org.testng.internal.MethodInvocationHelper.invokeMethod(MethodInvocationHelper.java:133)
at org.testng.internal.TestInvoker.invokeMethod(TestInvoker.java:598)
at org.testng.internal.TestInvoker.invokeTestMethod(TestInvoker.java:173)
at org.testng.internal.MethodRunner.runInSequence(MethodRunner.java:46)
at org.testng.internal.TestInvoker$MethodInvocationAgent.invoke(TestInvoker.java:824)
at org.testng.internal.TestInvoker.invokeTestMethods(TestInvoker.java:146)
at org.testng.internal.TestMethodWorker.invokeTestMethods(TestMethodWorker.java:146)
at org.testng.internal.TestMethodWorker.run(TestMethodWorker.java:128)
at java.base/java.util.ArrayList.forEach(ArrayList.java:1511)
at org.testng.TestRunner.privateRun(TestRunner.java:794)
at org.testng.TestRunner.run(TestRunner.java:596)
at org.testng.SuiteRunner.runTest(SuiteRunner.java:377)
at org.testng.SuiteRunner.runSequentially(SuiteRunner.java:371)
at org.testng.SuiteRunner.privateRun(SuiteRunner.java:332)
at org.testng.SuiteRunner.run(SuiteRunner.java:276)
at org.testng.SuiteRunnerWorker.runSuite(SuiteRunnerWorker.java:53)
at org.testng.SuiteRunnerWorker.run(SuiteRunnerWorker.java:96)
at org.testng.TestNG.runSuitesSequentially(TestNG.java:1212)
at org.testng.TestNG.runSuitesLocally(TestNG.java:1134)
at org.testng.TestNG.runSuites(TestNG.java:1063)
at org.testng.TestNG.run(TestNG.java:1031)
at org.testng.remote.AbstractRemoteTestNG.run(AbstractRemoteTestNG.java:115)
at org.testng.remote.RemoteTestNG.initAndRun(RemoteTestNG.java:251)
at org.testng.remote.RemoteTestNG.main(RemoteTestNG.java:77)
]]>
            </full-stacktrace>
          </exception> <!-- org.testng.SkipException -->
          <reporter-output>
          </reporter-output>
        </test-method> <!-- skippingtest -->
        <test-method is-config="true" signature="close()[pri:0, instance:com.testcases.ProductTest@3d6f0054]" started-at="2021-06-24T01:47:33 IST" name="close" finished-at="2021-06-24T01:47:34 IST" duration-ms="200" status="PASS">
          <reporter-output>
          </reporter-output>
        </test-method> <!-- close -->
      </class> <!-- com.testcases.ProductTest -->
    </test> <!-- ChooseProductTest -->
  </suite> <!-- ChooseProductSuite -->
</testng-results>
