<?xml version="1.0" encoding="UTF-8"?>
<!-- Generated by org.testng.reporters.JUnitXMLReporter -->
<testsuite ignored="0" hostname="DESKTOP-BNKUHHL" failures="1" tests="5" name="ChooseProductTest" time="39.738" errors="0" timestamp="2021-06-24T01:47:34 IST">
  <testcase classname="com.testcases.LoginPageTest" name="logintest" time="1.159"/>
  <testcase classname="com.testcases.HomePageTest" name="chooseproduct" time="0.245"/>
  <testcase classname="com.testcases.ProductTest" name="addproducttocart" time="0.207"/>
  <testcase classname="com.testcases.ProductTest" name="failingtest" time="0.007">
    <failure type="java.lang.AssertionError" message="expected [false] but found [true]">
      <![CDATA[java.lang.AssertionError: expected [false] but found [true]
at com.testcases.ProductTest.failingtest(ProductTest.java:43)
at java.base/java.util.ArrayList.forEach(ArrayList.java:1511)
... Removed 33 stack frames]]>
    </failure>
  </testcase> <!-- failingtest -->
  <testcase classname="com.testcases.ProductTest" name="skippingtest" time="0.002">
    <skipped/>
  </testcase> <!-- skippingtest -->
</testsuite> <!-- ChooseProductTest -->
